[debug] [2024-09-15T10:12:10.793Z] ----------------------------------------------------------------------
[debug] [2024-09-15T10:12:10.795Z] Command:       C:\Program Files\nodejs\node.exe C:\Users\aman0\AppData\Roaming\npm\node_modules\firebase-tools\lib\bin\firebase.js init
[debug] [2024-09-15T10:12:10.798Z] CLI Version:   13.17.0
[debug] [2024-09-15T10:12:10.798Z] Platform:      win32
[debug] [2024-09-15T10:12:10.798Z] Node Version:  v21.1.0
[debug] [2024-09-15T10:12:10.799Z] Time:          Sun Sep 15 2024 15:42:10 GMT+0530 (India Standard Time)
[debug] [2024-09-15T10:12:10.799Z] ----------------------------------------------------------------------
[debug] 
[debug] [2024-09-15T10:12:10.806Z] > command requires scopes: ["email","openid","https://www.googleapis.com/auth/cloudplatformprojects.readonly","https://www.googleapis.com/auth/firebase","https://www.googleapis.com/auth/cloud-platform"]
[debug] [2024-09-15T10:12:10.806Z] > authorizing via signed-in user (aman0987mishra@gmail.com)
[info] 
     ######## #### ########  ######## ########     ###     ######  ########
     ##        ##  ##     ## ##       ##     ##  ##   ##  ##       ##
     ######    ##  ########  ######   ########  #########  ######  ######
     ##        ##  ##    ##  ##       ##     ## ##     ##       ## ##
     ##       #### ##     ## ######## ########  ##     ##  ######  ########

You're about to initialize a Firebase project in this directory:

  D:\react project\news\aconews

[info] 
=== Project Setup
[info] 
[info] First, let's associate this project directory with a Firebase project.
[info] You can create multiple project aliases by running firebase use --add, 
[info] but for now we'll just set up a default project.
[info] 
[info] i  If you want to create a project in a Google Cloud organization or folder, please use "firebase projects:create" instead, and return to this command when you've created the project. 
[debug] [2024-09-15T10:13:17.638Z] > refreshing access token with scopes: []
[debug] [2024-09-15T10:13:17.644Z] >>> [apiv2][query] POST https://www.googleapis.com/oauth2/v3/token [none]
[debug] [2024-09-15T10:13:17.644Z] >>> [apiv2][body] POST https://www.googleapis.com/oauth2/v3/token [omitted]
[debug] [2024-09-15T10:13:18.099Z] <<< [apiv2][status] POST https://www.googleapis.com/oauth2/v3/token 200
[debug] [2024-09-15T10:13:18.099Z] <<< [apiv2][body] POST https://www.googleapis.com/oauth2/v3/token [omitted]
[debug] [2024-09-15T10:13:18.112Z] >>> [apiv2][query] POST https://cloudresourcemanager.googleapis.com/v1/projects [none]
[debug] [2024-09-15T10:13:18.112Z] >>> [apiv2][body] POST https://cloudresourcemanager.googleapis.com/v1/projects {"projectId":"aconews","name":"news"}
[debug] [2024-09-15T10:13:19.721Z] <<< [apiv2][status] POST https://cloudresourcemanager.googleapis.com/v1/projects 409
[debug] [2024-09-15T10:13:19.721Z] <<< [apiv2][body] POST https://cloudresourcemanager.googleapis.com/v1/projects {"error":{"code":409,"message":"Requested entity already exists","status":"ALREADY_EXISTS"}}
[debug] [2024-09-15T10:13:19.902Z] FirebaseError: HTTP Error: 409, Requested entity already exists
    at responseToError (C:\Users\aman0\AppData\Roaming\npm\node_modules\firebase-tools\lib\responseToError.js:49:12)
    at RetryOperation._fn (C:\Users\aman0\AppData\Roaming\npm\node_modules\firebase-tools\lib\apiv2.js:305:77)
    at process.processTicksAndRejections (node:internal/process/task_queues:95:5)
[error] 
[error] Error: Failed to create project because there is already a project with ID aconews. Please try again with a unique project ID.
